0 info it worked if it ends with ok
1 verbose cli [ '/usr/bin/nodejs', '/usr/bin/npm', 'run', 'start', '-p', '3002' ]
2 info using npm@4.1.2
3 info using node@v7.6.0
4 verbose run-script [ 'prestart', 'start', 'poststart' ]
5 info lifecycle davvidbaker@1.0.0~prestart: davvidbaker@1.0.0
6 silly lifecycle davvidbaker@1.0.0~prestart: no script for prestart, continuing
7 info lifecycle davvidbaker@1.0.0~start: davvidbaker@1.0.0
8 verbose lifecycle davvidbaker@1.0.0~start: unsafe-perm in lifecycle true
9 verbose lifecycle davvidbaker@1.0.0~start: PATH: /usr/lib/node_modules/npm/bin/node-gyp-bin:/var/www/html/davvidbaker/node_modules/.bin:/root/.cabal/bin:/opt/cabal/1.22/bin:/opt/ghc/7.10.3/bin:/root/.cabal/bin:/opt/cabal/1.22/bin:/opt/ghc/7.10.3/bin:/usr/local/sbin:/usr/local/bin:/usr/sbin:/usr/bin:/sbin:/bin:/usr/games:/usr/local/games
10 verbose lifecycle davvidbaker@1.0.0~start: CWD: /var/www/html/davvidbaker
11 silly lifecycle davvidbaker@1.0.0~start: Args: [ '-c', 'next start "3002"' ]
12 silly lifecycle davvidbaker@1.0.0~start: Returned: code: 1  signal: null
13 info lifecycle davvidbaker@1.0.0~start: Failed to exec start script
14 verbose stack Error: davvidbaker@1.0.0 start: `next start "3002"`
14 verbose stack Exit status 1
14 verbose stack     at EventEmitter.<anonymous> (/usr/lib/node_modules/npm/lib/utils/lifecycle.js:279:16)
14 verbose stack     at emitTwo (events.js:106:13)
14 verbose stack     at EventEmitter.emit (events.js:192:7)
14 verbose stack     at ChildProcess.<anonymous> (/usr/lib/node_modules/npm/lib/utils/spawn.js:40:14)
14 verbose stack     at emitTwo (events.js:106:13)
14 verbose stack     at ChildProcess.emit (events.js:192:7)
14 verbose stack     at maybeClose (internal/child_process.js:890:16)
14 verbose stack     at Process.ChildProcess._handle.onexit (internal/child_process.js:226:5)
15 verbose pkgid davvidbaker@1.0.0
16 verbose cwd /var/www/html/davvidbaker
17 error Linux 4.8.6-x86_64-linode78
18 error argv "/usr/bin/nodejs" "/usr/bin/npm" "run" "start" "-p" "3002"
19 error node v7.6.0
20 error npm  v4.1.2
21 error code ELIFECYCLE
22 error davvidbaker@1.0.0 start: `next start "3002"`
22 error Exit status 1
23 error Failed at the davvidbaker@1.0.0 start script 'next start "3002"'.
23 error Make sure you have the latest version of node.js and npm installed.
23 error If you do, this is most likely a problem with the davvidbaker package,
23 error not with npm itself.
23 error Tell the author that this fails on your system:
23 error     next start "3002"
23 error You can get information on how to open an issue for this project with:
23 error     npm bugs davvidbaker
23 error Or if that isn't available, you can get their info via:
23 error     npm owner ls davvidbaker
23 error There is likely additional logging output above.
24 verbose exit [ 1, true ]
